make --dry-run --always-make --keep-going --print-directory
make: Entering directory '/workspaces/fractol'
make -C ./libft all
 
make[1]: Entering directory '/workspaces/fractol/libft'
cc -g -Wall -Wextra -Werror -c ft_isdigit.c -o ft_isdigit.o
cc -g -Wall -Wextra -Werror -c ft_isalnum.c -o ft_isalnum.o
cc -g -Wall -Wextra -Werror -c ft_isascii.c -o ft_isascii.o
cc -g -Wall -Wextra -Werror -c ft_isprint.c -o ft_isprint.o
cc -g -Wall -Wextra -Werror -c ft_strlen.c -o ft_strlen.o
cc -g -Wall -Wextra -Werror -c ft_memset.c -o ft_memset.o
cc -g -Wall -Wextra -Werror -c ft_bzero.c -o ft_bzero.o
 
cc -g -Wall -Wextra -Werror -c ft_memcpy.c -o ft_memcpy.o
cc -g -Wall -Wextra -Werror -c ft_memmove.c -o ft_memmove.o
cc -g -Wall -Wextra -Werror -c ft_strlcpy.c -o ft_strlcpy.o
cc -g -Wall -Wextra -Werror -c ft_strlcat.c -o ft_strlcat.o
cc -g -Wall -Wextra -Werror -c ft_toupper.c -o ft_toupper.o
cc -g -Wall -Wextra -Werror -c ft_tolower.c -o ft_tolower.o
cc -g -Wall -Wextra -Werror -c ft_strchr.c -o ft_strchr.o
cc -g -Wall -Wextra -Werror -c ft_strrchr.c -o ft_strrchr.o
cc -g -Wall -Wextra -Werror -c ft_strncmp.c -o ft_strncmp.o
cc -g -Wall -Wextra -Werror -c ft_memchr.c -o ft_memchr.o
 
cc -g -Wall -Wextra -Werror -c ft_memcmp.c -o ft_memcmp.o
cc -g -Wall -Wextra -Werror -c ft_strnstr.c -o ft_strnstr.o
cc -g -Wall -Wextra -Werror -c ft_atoi.c -o ft_atoi.o
cc -g -Wall -Wextra -Werror -c ft_calloc.c -o ft_calloc.o
cc -g -Wall -Wextra -Werror -c ft_strdup.c -o ft_strdup.o
cc -g -Wall -Wextra -Werror -c ft_substr.c -o ft_substr.o
cc -g -Wall -Wextra -Werror -c ft_strjoin.c -o ft_strjoin.o
cc -g -Wall -Wextra -Werror -c ft_strtrim.c -o ft_strtrim.o
cc -g -Wall -Wextra -Werror -c ft_split.c -o ft_split.o
 
cc -g -Wall -Wextra -Werror -c ft_itoa.c -o ft_itoa.o
cc -g -Wall -Wextra -Werror -c ft_strmapi.c -o ft_strmapi.o
cc -g -Wall -Wextra -Werror -c ft_striteri.c -o ft_striteri.o
cc -g -Wall -Wextra -Werror -c ft_putchar_fd.c -o ft_putchar_fd.o
cc -g -Wall -Wextra -Werror -c ft_putstr_fd.c -o ft_putstr_fd.o
 
cc -g -Wall -Wextra -Werror -c ft_putendl_fd.c -o ft_putendl_fd.o
cc -g -Wall -Wextra -Werror -c ft_putnbr_fd.c -o ft_putnbr_fd.o
cc -g -Wall -Wextra -Werror -c ft_isalpha.c -o ft_isalpha.o
 
cc -g -Wall -Wextra -Werror -c ft_strcmp.c -o ft_strcmp.o
cc -g -Wall -Wextra -Werror -c ft_char_to_double.c -o ft_char_to_double.o
ar rcs libft.a ft_isdigit.o ft_isalnum.o ft_isascii.o ft_isprint.o ft_strlen.o ft_memset.o ft_bzero.o ft_memcpy.o ft_memmove.o ft_strlcpy.o ft_strlcat.o ft_toupper.o ft_tolower.o ft_strchr.o ft_strrchr.o ft_strncmp.o ft_memchr.o ft_memcmp.o ft_strnstr.o ft_atoi.o ft_calloc.o ft_strdup.o ft_substr.o ft_strjoin.o ft_strtrim.o ft_split.o ft_itoa.o ft_strmapi.o ft_striteri.o ft_putchar_fd.o ft_putstr_fd.o ft_putendl_fd.o ft_putnbr_fd.o ft_isalpha.o ft_strcmp.o ft_char_to_double.o
make[1]: Leaving directory '/workspaces/fractol/libft'
 
cc -Wall -Wextra -Werror -o init_function.o -c init_function.c -I.
cc -Wall -Wextra -Werror -o fractol.o -c fractol.c -I.
cc -Wall -Wextra -Werror -o math_functions.o -c math_functions.c -I.
 
cc -Wall -Wextra -Werror -o render_functions.o -c render_functions.c -I.
cc -Wall -Wextra -Werror -o events.o -c events.c -I.
cc -Wall -Wextra -Werror init_function.o fractol.o math_functions.o render_functions.o events.o -L./libft -lft -lXext -lX11 -lmlx -lm -o fractol
make: Leaving directory '/workspaces/fractol'
 
